<?xml version="1.0" encoding="UTF-8"?>
<!-- Generated by org.testng.reporters.JUnitXMLReporter -->
<testsuite hostname="kishore-raven" ignored="0" name="Default test" tests="4" failures="0" timestamp="2021-01-22T14:45:45 IST" time="43.472" errors="0">
  <testcase name="searchImage" time="32.778" classname="com.search.by.image.test.uploadSearch"/>
  <testcase name="verifyTitle" time="2.625" classname="com.search.by.image.test.uploadSearch"/>
  <testcase name="validateMessage" time="3.523" classname="com.search.by.image.test.uploadSearch"/>
  <testcase name="countLink" time="4.269" classname="com.search.by.image.test.uploadSearch"/>
</testsuite> <!-- Default test -->
