<?xml version="1.0" encoding="UTF-8"?>
<!-- Generated by org.testng.reporters.JUnitXMLReporter -->
<testsuite hostname="kishore-raven" ignored="0" name="Test" tests="4" failures="0" timestamp="2021-01-27T09:12:37 IST" time="23.104" errors="0">
  <testcase name="verifyTitle" time="0.085" classname="com.search.by.image.test.uploadSearch"/>
  <testcase name="searchImage" time="8.549" classname="com.search.by.image.test.uploadSearch"/>
  <testcase name="validateMessage" time="0.418" classname="com.search.by.image.test.uploadSearch"/>
  <testcase name="countLink" time="0.225" classname="com.search.by.image.test.uploadSearch"/>
</testsuite> <!-- Test -->
