<?xml version="1.0" encoding="UTF-8"?>
<testng-results skipped="0" failed="0" ignored="0" total="3" passed="3">
  <reporter-output>
  </reporter-output>
  <suite name="Default suite" duration-ms="24836" started-at="2021-01-22T00:46:41 IST" finished-at="2021-01-22T00:47:06 IST">
    <groups>
    </groups>
    <test name="Default test" duration-ms="24836" started-at="2021-01-22T00:46:41 IST" finished-at="2021-01-22T00:47:06 IST">
      <class name="com.search.by.image.test.uploadSearch">
        <test-method status="PASS" signature="searchImage()[pri:0, instance:com.search.by.image.test.uploadSearch@23faf8f2]" name="searchImage" duration-ms="15044" started-at="2021-01-22T00:46:41 IST" finished-at="2021-01-22T00:46:56 IST">
          <reporter-output>
          </reporter-output>
        </test-method> <!-- searchImage -->
        <test-method status="PASS" signature="validateMessage()[pri:0, instance:com.search.by.image.test.uploadSearch@23faf8f2]" name="validateMessage" duration-ms="7669" started-at="2021-01-22T00:46:56 IST" finished-at="2021-01-22T00:47:04 IST">
          <reporter-output>
          </reporter-output>
        </test-method> <!-- validateMessage -->
        <test-method status="PASS" signature="verifyTitle()[pri:0, instance:com.search.by.image.test.uploadSearch@23faf8f2]" name="verifyTitle" duration-ms="2025" started-at="2021-01-22T00:47:04 IST" finished-at="2021-01-22T00:47:06 IST">
          <reporter-output>
          </reporter-output>
        </test-method> <!-- verifyTitle -->
      </class> <!-- com.search.by.image.test.uploadSearch -->
    </test> <!-- Default test -->
  </suite> <!-- Default suite -->
</testng-results>
